Already up to date.
Already up to date.
Already up to date.
Already up to date.
Already up to date.
Already up to date.
Already up to date.
Already up to date.
From github.com:HghG2023/dailyInsight
   457b713..c321e99  main       -> origin/main
Updating 457b713..c321e99
Fast-forward
 config.yaml | 2 ++
 main.py     | 3 +++
 2 files changed, 5 insertions(+)
Already up to date.
Already up to date.
Already up to date.
Already up to date.
Already up to date.
Already up to date.
Already up to date.
Already up to date.
From github.com:HghG2023/dailyInsight
   c321e99..d713961  main       -> origin/main
Updating c321e99..d713961
Fast-forward
 config.yaml |   1 +
 main.py     |  15 +++---
 sender.py   | 161 ++++++++++++++++++++++++++++++++++++------------------------
 3 files changed, 106 insertions(+), 71 deletions(-)
Already up to date.
From github.com:HghG2023/dailyInsight
   d713961..8fa5d34  main       -> origin/main
Updating d713961..8fa5d34
Fast-forward
 feedcollector.py | 11 ++++++++---
 1 file changed, 8 insertions(+), 3 deletions(-)
From github.com:HghG2023/dailyInsight
   8fa5d34..ea9226e  main       -> origin/main
Updating 8fa5d34..ea9226e
Fast-forward
 config.yaml | 1 -
 1 file changed, 1 deletion(-)
Already up to date.
Already up to date.
Already up to date.
Already up to date.
Already up to date.
Already up to date.
Already up to date.
From github.com:HghG2023/dailyInsight
   ea9226e..24d1a27  main       -> origin/main
Updating ea9226e..24d1a27
Fast-forward
 config.yaml | 1 -
 sender.py   | 3 ++-
 2 files changed, 2 insertions(+), 2 deletions(-)
Already up to date.
Already up to date.
Already up to date.
Already up to date.
Already up to date.
Already up to date.
Already up to date.
From github.com:HghG2023/dailyInsight
   24d1a27..4a0bd7e  main       -> origin/main
Updating 24d1a27..4a0bd7e
Fast-forward
 config.yaml | 3 ++-
 1 file changed, 2 insertions(+), 1 deletion(-)
Already up to date.
Already up to date.
Already up to date.
Already up to date.
Already up to date.
Already up to date.
Already up to date.
Already up to date.
Already up to date.
Already up to date.
Already up to date.
Already up to date.
Already up to date.
Already up to date.
Already up to date.
Already up to date.
